Using pre-set license
Built from '2020.3/staging' branch; Version is '2020.3.13f1 (71691879b7f5) revision 7432472'; Using compiler version '192528614'; Build Type 'Release'
OS: 'Windows 10 Home Single Language; OS build 19042.1165; Version 2009; 64bit' Language: 'en' Physical Memory: 8043 MB
BatchMode: 1, IsHumanControllingUs: 0, StartBugReporterOnCrash: 0, Is64bit: 1, IsPro: 0

 COMMAND LINE ARGUMENTS:
C:\Program Files\Unity\Hub\Editor\2020.3.13f1\Editor\Unity.exe
-adb2
-batchMode
-noUpm
-name
AssetImportWorker0
-projectPath
E:/Practice/Game/2D-Endless-Runner
-logFile
Logs/AssetImportWorker0.log
-srvPort
55542
Successfully changed project path to: E:/Practice/Game/2D-Endless-Runner
E:/Practice/Game/2D-Endless-Runner
Using Asset Import Pipeline V2.
Refreshing native plugins compatible for Editor in 37.42 ms, found 3 plugins.
Preloading 0 native plugins for Editor in 0.00 ms.
Initialize engine version: 2020.3.13f1 (71691879b7f5)
[Subsystems] Discovering subsystems at path C:/Program Files/Unity/Hub/Editor/2020.3.13f1/Editor/Data/Resources/UnitySubsystems
[Subsystems] Discovering subsystems at path E:/Practice/Game/2D-Endless-Runner/Assets
GfxDevice: creating device client; threaded=0
Direct3D:
    Version:  Direct3D 11.0 [level 11.1]
    Renderer: NVIDIA GeForce GTX 1050 Ti (ID=0x1c8c)
    Vendor:   
    VRAM:     4018 MB
    Driver:   27.21.14.6089
Initialize mono
Mono path[0] = 'C:/Program Files/Unity/Hub/Editor/2020.3.13f1/Editor/Data/Managed'
Mono path[1] = 'C:/Program Files/Unity/Hub/Editor/2020.3.13f1/Editor/Data/MonoBleedingEdge/lib/mono/unityjit'
Mono config path = 'C:/Program Files/Unity/Hub/Editor/2020.3.13f1/Editor/Data/MonoBleedingEdge/etc'
Using monoOptions --debugger-agent=transport=dt_socket,embedding=1,server=y,suspend=n,address=127.0.0.1:56200
Begin MonoManager ReloadAssembly
Registering precompiled unity dll's ...
Register platform support module: C:/Program Files/Unity/Hub/Editor/2020.3.13f1/Editor/Data/PlaybackEngines/WindowsStandaloneSupport/UnityEditor.WindowsStandalone.Extensions.dll
Registered in 0.001630 seconds.
Native extension for WindowsStandalone target not found
Refreshing native plugins compatible for Editor in 36.84 ms, found 3 plugins.
Preloading 0 native plugins for Editor in 0.00 ms.
Mono: successfully reloaded assembly
- Completed reload, in  0.912 seconds
Platform modules already initialized, skipping
Registering precompiled user dll's ...
Registered in 0.002327 seconds.
Begin MonoManager ReloadAssembly
Native extension for WindowsStandalone target not found
Refreshing native plugins compatible for Editor in 37.51 ms, found 3 plugins.
Preloading 0 native plugins for Editor in 0.00 ms.
Mono: successfully reloaded assembly
- Completed reload, in  1.056 seconds
Platform modules already initialized, skipping
========================================================================
Worker process is ready to serve import requests
Launched and connected shader compiler UnityShaderCompiler.exe after 0.05 seconds
Refreshing native plugins compatible for Editor in 0.79 ms, found 3 plugins.
Preloading 0 native plugins for Editor in 0.00 ms.
Unloading 2093 Unused Serialized files (Serialized files now loaded: 0)
System memory in use before: 93.3 MB.
System memory in use after: 93.3 MB.

Unloading 33 unused Assets to reduce memory usage. Loaded Objects now: 2528.
Total: 2.181500 ms (FindLiveObjects: 0.193900 ms CreateObjectMapping: 0.103700 ms MarkObjects: 1.767000 ms  DeleteObjects: 0.115900 ms)

AssetImportParameters requested are different than current active one (requested -> active):
  custom:framework-win-MediaFoundation: 216162199b28c13a410421893ffa2e32 -> 
  custom:video-decoder-ogg-theora: a1e56fd34408186e4bbccfd4996cb3dc -> 
  custom:container-muxer-webm: aa71ff27fc2769a1b78a27578f13a17b -> 
  custom:container-demuxer-webm: 4f35f7cbe854078d1ac9338744f61a02 -> 
  custom:container-demuxer-ogg: 62fdf1f143b41e24485cea50d1cbac27 -> 
  custom:video-encoder-webm-vp8: eb34c28f22e8b96e1ab97ce403110664 -> 
  custom:video-decoder-webm-vp8: 9c59270c3fd7afecdb556c50c9e8de78 -> 
  custom:audio-decoder-ogg-vorbis: bf7c407c2cedff20999df2af8eb42d56 -> 
  custom:audio-encoder-webm-vorbis: bf7c407c2cedff20999df2af8eb42d56 -> 
========================================================================
Received Import Request.
  path: Assets/Prefabs/Ground Prefab 2.prefab
  artifactKey: Guid(758c2c8cde71e7b4591628b887ad7c03) Importer(815301076,1909f56bfc062723c751e8b465ee728b)
Start importing Assets/Prefabs/Ground Prefab 2.prefab using Guid(758c2c8cde71e7b4591628b887ad7c03) Importer(815301076,1909f56bfc062723c751e8b465ee728b)  -> (artifact id: '886ddb4e8fe8faec953b393553cb59ea') in 0.101435 seconds 
  Import took 0.106560 seconds .

========================================================================
Received Import Request.
  Time since last request: 10.877221 seconds.
  path: Assets/Prefabs/Ground Prefab 2.prefab
  artifactKey: Guid(758c2c8cde71e7b4591628b887ad7c03) Importer(815301076,1909f56bfc062723c751e8b465ee728b)
Start importing Assets/Prefabs/Ground Prefab 2.prefab using Guid(758c2c8cde71e7b4591628b887ad7c03) Importer(815301076,1909f56bfc062723c751e8b465ee728b)  -> (artifact id: '5a1fbadc9e372d559eb3670a9efb33a9') in 0.016980 seconds 
  Import took 0.023991 seconds .

========================================================================
Received Import Request.
  Time since last request: 4.999394 seconds.
  path: Assets/Prefabs/Ground Prefab 2.prefab
  artifactKey: Guid(758c2c8cde71e7b4591628b887ad7c03) Importer(815301076,1909f56bfc062723c751e8b465ee728b)
Start importing Assets/Prefabs/Ground Prefab 2.prefab using Guid(758c2c8cde71e7b4591628b887ad7c03) Importer(815301076,1909f56bfc062723c751e8b465ee728b)  -> (artifact id: '774709047bb1921ac917a46e114d2b86') in 0.019342 seconds 
  Import took 0.024643 seconds .

========================================================================
Received Import Request.
  Time since last request: 7.422247 seconds.
  path: Assets/Prefabs/Ground Prefab 2.prefab
  artifactKey: Guid(758c2c8cde71e7b4591628b887ad7c03) Importer(815301076,1909f56bfc062723c751e8b465ee728b)
Start importing Assets/Prefabs/Ground Prefab 2.prefab using Guid(758c2c8cde71e7b4591628b887ad7c03) Importer(815301076,1909f56bfc062723c751e8b465ee728b)  -> (artifact id: '4b3d73f6e3754a881106b013ce44d756') in 0.014857 seconds 
  Import took 0.020147 seconds .

========================================================================
Received Import Request.
  Time since last request: 6.057940 seconds.
  path: Assets/Prefabs/Ground Prefab 2.prefab
  artifactKey: Guid(758c2c8cde71e7b4591628b887ad7c03) Importer(815301076,1909f56bfc062723c751e8b465ee728b)
Start importing Assets/Prefabs/Ground Prefab 2.prefab using Guid(758c2c8cde71e7b4591628b887ad7c03) Importer(815301076,1909f56bfc062723c751e8b465ee728b)  -> (artifact id: '643ea1a6502bacf92b1a622232126cba') in 0.012719 seconds 
  Import took 0.018334 seconds .

========================================================================
Received Import Request.
  Time since last request: 3.613170 seconds.
  path: Assets/Prefabs/Ground Prefab 2.prefab
  artifactKey: Guid(758c2c8cde71e7b4591628b887ad7c03) Importer(815301076,1909f56bfc062723c751e8b465ee728b)
Start importing Assets/Prefabs/Ground Prefab 2.prefab using Guid(758c2c8cde71e7b4591628b887ad7c03) Importer(815301076,1909f56bfc062723c751e8b465ee728b)  -> (artifact id: '3c22087e1c4b4158143d5b9d27b32a56') in 0.014182 seconds 
  Import took 0.023290 seconds .

========================================================================
Received Import Request.
  Time since last request: 162.212526 seconds.
  path: Assets/Prefabs/Ground Prefab 4.prefab
  artifactKey: Guid(758c2c8cde71e7b4591628b887ad7c03) Importer(815301076,1909f56bfc062723c751e8b465ee728b)
Start importing Assets/Prefabs/Ground Prefab 4.prefab using Guid(758c2c8cde71e7b4591628b887ad7c03) Importer(815301076,1909f56bfc062723c751e8b465ee728b)  -> (artifact id: 'dbf8929fde6873fa0922146b9ef032c9') in 0.016314 seconds 
  Import took 0.022162 seconds .

========================================================================
Received Import Request.
  Time since last request: 54.083919 seconds.
  path: Assets/Prefabs/Ground Prefab 4.prefab
  artifactKey: Guid(758c2c8cde71e7b4591628b887ad7c03) Importer(815301076,1909f56bfc062723c751e8b465ee728b)
Start importing Assets/Prefabs/Ground Prefab 4.prefab using Guid(758c2c8cde71e7b4591628b887ad7c03) Importer(815301076,1909f56bfc062723c751e8b465ee728b)  -> (artifact id: 'ba3162058928eaf7aa97f80e7885db02') in 0.020012 seconds 
  Import took 0.047218 seconds .

AssetImportWorkerClient::OnTransportError - code=2 error=End of file
