Using pre-set license
Built from '2020.3/staging' branch; Version is '2020.3.13f1 (71691879b7f5) revision 7432472'; Using compiler version '192528614'; Build Type 'Release'
OS: 'Windows 10 Home Single Language; OS build 19042.1165; Version 2009; 64bit' Language: 'en' Physical Memory: 8043 MB
BatchMode: 1, IsHumanControllingUs: 0, StartBugReporterOnCrash: 0, Is64bit: 1, IsPro: 0

 COMMAND LINE ARGUMENTS:
C:\Program Files\Unity\Hub\Editor\2020.3.13f1\Editor\Unity.exe
-adb2
-batchMode
-noUpm
-name
AssetImportWorker1
-projectPath
E:/Practice/Game/2D-Endless-Runner
-logFile
Logs/AssetImportWorker1.log
-srvPort
61653
Successfully changed project path to: E:/Practice/Game/2D-Endless-Runner
E:/Practice/Game/2D-Endless-Runner
Using Asset Import Pipeline V2.
Refreshing native plugins compatible for Editor in 36.18 ms, found 3 plugins.
Preloading 0 native plugins for Editor in 0.00 ms.
Initialize engine version: 2020.3.13f1 (71691879b7f5)
[Subsystems] Discovering subsystems at path C:/Program Files/Unity/Hub/Editor/2020.3.13f1/Editor/Data/Resources/UnitySubsystems
[Subsystems] Discovering subsystems at path E:/Practice/Game/2D-Endless-Runner/Assets
GfxDevice: creating device client; threaded=0
Direct3D:
    Version:  Direct3D 11.0 [level 11.1]
    Renderer: NVIDIA GeForce GTX 1050 Ti (ID=0x1c8c)
    Vendor:   
    VRAM:     4018 MB
    Driver:   27.21.14.6089
Initialize mono
Mono path[0] = 'C:/Program Files/Unity/Hub/Editor/2020.3.13f1/Editor/Data/Managed'
Mono path[1] = 'C:/Program Files/Unity/Hub/Editor/2020.3.13f1/Editor/Data/MonoBleedingEdge/lib/mono/unityjit'
Mono config path = 'C:/Program Files/Unity/Hub/Editor/2020.3.13f1/Editor/Data/MonoBleedingEdge/etc'
Using monoOptions --debugger-agent=transport=dt_socket,embedding=1,server=y,suspend=n,address=127.0.0.1:56884
Begin MonoManager ReloadAssembly
Registering precompiled unity dll's ...
Register platform support module: C:/Program Files/Unity/Hub/Editor/2020.3.13f1/Editor/Data/PlaybackEngines/WindowsStandaloneSupport/UnityEditor.WindowsStandalone.Extensions.dll
Registered in 0.001572 seconds.
Native extension for WindowsStandalone target not found
Refreshing native plugins compatible for Editor in 37.67 ms, found 3 plugins.
Preloading 0 native plugins for Editor in 0.00 ms.
Mono: successfully reloaded assembly
- Completed reload, in  0.943 seconds
Platform modules already initialized, skipping
Registering precompiled user dll's ...
Registered in 0.002195 seconds.
Begin MonoManager ReloadAssembly
Native extension for WindowsStandalone target not found
Refreshing native plugins compatible for Editor in 35.73 ms, found 3 plugins.
Preloading 0 native plugins for Editor in 0.00 ms.
Mono: successfully reloaded assembly
- Completed reload, in  1.045 seconds
Platform modules already initialized, skipping
========================================================================
Worker process is ready to serve import requests
Launched and connected shader compiler UnityShaderCompiler.exe after 0.03 seconds
Refreshing native plugins compatible for Editor in 0.42 ms, found 3 plugins.
Preloading 0 native plugins for Editor in 0.00 ms.
Unloading 2093 Unused Serialized files (Serialized files now loaded: 0)
System memory in use before: 93.2 MB.
System memory in use after: 93.2 MB.

Unloading 33 unused Assets to reduce memory usage. Loaded Objects now: 2528.
Total: 2.413300 ms (FindLiveObjects: 0.193400 ms CreateObjectMapping: 0.068200 ms MarkObjects: 2.039500 ms  DeleteObjects: 0.111500 ms)

AssetImportParameters requested are different than current active one (requested -> active):
  custom:framework-win-MediaFoundation: 216162199b28c13a410421893ffa2e32 -> 
  custom:video-decoder-ogg-theora: a1e56fd34408186e4bbccfd4996cb3dc -> 
  custom:container-muxer-webm: aa71ff27fc2769a1b78a27578f13a17b -> 
  custom:container-demuxer-webm: 4f35f7cbe854078d1ac9338744f61a02 -> 
  custom:container-demuxer-ogg: 62fdf1f143b41e24485cea50d1cbac27 -> 
  custom:video-encoder-webm-vp8: eb34c28f22e8b96e1ab97ce403110664 -> 
  custom:video-decoder-webm-vp8: 9c59270c3fd7afecdb556c50c9e8de78 -> 
  custom:audio-decoder-ogg-vorbis: bf7c407c2cedff20999df2af8eb42d56 -> 
  custom:audio-encoder-webm-vorbis: bf7c407c2cedff20999df2af8eb42d56 -> 
========================================================================
Received Import Request.
  path: Assets/Prefabs/Ground Prefab 2.prefab
  artifactKey: Guid(159f238bc01014346a8eb558501bd388) Importer(815301076,1909f56bfc062723c751e8b465ee728b)
Start importing Assets/Prefabs/Ground Prefab 2.prefab using Guid(159f238bc01014346a8eb558501bd388) Importer(815301076,1909f56bfc062723c751e8b465ee728b)  -> (artifact id: '85b346c453159995b38321ad32a3dd51') in 0.088289 seconds 
  Import took 0.092252 seconds .

========================================================================
Received Import Request.
  Time since last request: 10.777348 seconds.
  path: Assets/Prefabs/Ground Prefab 2.prefab
  artifactKey: Guid(159f238bc01014346a8eb558501bd388) Importer(815301076,1909f56bfc062723c751e8b465ee728b)
Start importing Assets/Prefabs/Ground Prefab 2.prefab using Guid(159f238bc01014346a8eb558501bd388) Importer(815301076,1909f56bfc062723c751e8b465ee728b)  -> (artifact id: '883ac6d98e9503e50c28d8f547fc5eeb') in 0.021524 seconds 
  Import took 0.025885 seconds .

========================================================================
Received Import Request.
  Time since last request: 16.310459 seconds.
  path: Assets/Prefabs/Ground Prefab 2.prefab
  artifactKey: Guid(159f238bc01014346a8eb558501bd388) Importer(815301076,1909f56bfc062723c751e8b465ee728b)
Start importing Assets/Prefabs/Ground Prefab 2.prefab using Guid(159f238bc01014346a8eb558501bd388) Importer(815301076,1909f56bfc062723c751e8b465ee728b)  -> (artifact id: 'a0e448f8a4b5a518a91cb674a363d73b') in 0.017492 seconds 
  Import took 0.022241 seconds .

========================================================================
Received Prepare
Registering precompiled user dll's ...
Registered in 0.002195 seconds.
Begin MonoManager ReloadAssembly
Native extension for WindowsStandalone target not found
Refreshing native plugins compatible for Editor in 0.45 ms, found 3 plugins.
Preloading 0 native plugins for Editor in 0.00 ms.
Mono: successfully reloaded assembly
- Completed reload, in  0.991 seconds
Platform modules already initialized, skipping
Refreshing native plugins compatible for Editor in 0.43 ms, found 3 plugins.
Preloading 0 native plugins for Editor in 0.00 ms.
Unloading 2088 Unused Serialized files (Serialized files now loaded: 0)
System memory in use before: 96.2 MB.
System memory in use after: 96.1 MB.

Unloading 21 unused Assets to reduce memory usage. Loaded Objects now: 2539.
Total: 2.394000 ms (FindLiveObjects: 0.169800 ms CreateObjectMapping: 0.112000 ms MarkObjects: 1.977600 ms  DeleteObjects: 0.133600 ms)

AssetImportParameters requested are different than current active one (requested -> active):
  custom:framework-win-MediaFoundation: 216162199b28c13a410421893ffa2e32 -> 
  custom:video-decoder-ogg-theora: a1e56fd34408186e4bbccfd4996cb3dc -> 
  custom:container-muxer-webm: aa71ff27fc2769a1b78a27578f13a17b -> 
  custom:container-demuxer-webm: 4f35f7cbe854078d1ac9338744f61a02 -> 
  custom:container-demuxer-ogg: 62fdf1f143b41e24485cea50d1cbac27 -> 
  custom:video-encoder-webm-vp8: eb34c28f22e8b96e1ab97ce403110664 -> 
  custom:video-decoder-webm-vp8: 9c59270c3fd7afecdb556c50c9e8de78 -> 
  custom:audio-decoder-ogg-vorbis: bf7c407c2cedff20999df2af8eb42d56 -> 
  custom:audio-encoder-webm-vorbis: bf7c407c2cedff20999df2af8eb42d56 -> 
========================================================================
Received Prepare
Registering precompiled user dll's ...
Registered in 0.002351 seconds.
Begin MonoManager ReloadAssembly
Native extension for WindowsStandalone target not found
Refreshing native plugins compatible for Editor in 0.39 ms, found 3 plugins.
Preloading 0 native plugins for Editor in 0.00 ms.
Mono: successfully reloaded assembly
- Completed reload, in  0.985 seconds
Platform modules already initialized, skipping
Refreshing native plugins compatible for Editor in 0.42 ms, found 3 plugins.
Preloading 0 native plugins for Editor in 0.00 ms.
Unloading 2088 Unused Serialized files (Serialized files now loaded: 0)
System memory in use before: 96.2 MB.
System memory in use after: 96.2 MB.

Unloading 21 unused Assets to reduce memory usage. Loaded Objects now: 2543.
Total: 2.612000 ms (FindLiveObjects: 0.216300 ms CreateObjectMapping: 0.085900 ms MarkObjects: 2.210400 ms  DeleteObjects: 0.098100 ms)

AssetImportParameters requested are different than current active one (requested -> active):
  custom:framework-win-MediaFoundation: 216162199b28c13a410421893ffa2e32 -> 
  custom:video-decoder-ogg-theora: a1e56fd34408186e4bbccfd4996cb3dc -> 
  custom:container-muxer-webm: aa71ff27fc2769a1b78a27578f13a17b -> 
  custom:container-demuxer-webm: 4f35f7cbe854078d1ac9338744f61a02 -> 
  custom:container-demuxer-ogg: 62fdf1f143b41e24485cea50d1cbac27 -> 
  custom:video-encoder-webm-vp8: eb34c28f22e8b96e1ab97ce403110664 -> 
  custom:video-decoder-webm-vp8: 9c59270c3fd7afecdb556c50c9e8de78 -> 
  custom:audio-decoder-ogg-vorbis: bf7c407c2cedff20999df2af8eb42d56 -> 
  custom:audio-encoder-webm-vorbis: bf7c407c2cedff20999df2af8eb42d56 -> 
========================================================================
Received Prepare
Registering precompiled user dll's ...
Registered in 0.002351 seconds.
Begin MonoManager ReloadAssembly
Native extension for WindowsStandalone target not found
Refreshing native plugins compatible for Editor in 0.63 ms, found 3 plugins.
Preloading 0 native plugins for Editor in 0.00 ms.
Mono: successfully reloaded assembly
- Completed reload, in  1.302 seconds
Platform modules already initialized, skipping
Refreshing native plugins compatible for Editor in 0.85 ms, found 3 plugins.
Preloading 0 native plugins for Editor in 0.00 ms.
Unloading 2088 Unused Serialized files (Serialized files now loaded: 0)
System memory in use before: 96.2 MB.
System memory in use after: 96.2 MB.

Unloading 21 unused Assets to reduce memory usage. Loaded Objects now: 2547.
Total: 4.167000 ms (FindLiveObjects: 0.469400 ms CreateObjectMapping: 0.362400 ms MarkObjects: 3.175500 ms  DeleteObjects: 0.157500 ms)

AssetImportParameters requested are different than current active one (requested -> active):
  custom:framework-win-MediaFoundation: 216162199b28c13a410421893ffa2e32 -> 
  custom:video-decoder-ogg-theora: a1e56fd34408186e4bbccfd4996cb3dc -> 
  custom:container-muxer-webm: aa71ff27fc2769a1b78a27578f13a17b -> 
  custom:container-demuxer-webm: 4f35f7cbe854078d1ac9338744f61a02 -> 
  custom:container-demuxer-ogg: 62fdf1f143b41e24485cea50d1cbac27 -> 
  custom:video-encoder-webm-vp8: eb34c28f22e8b96e1ab97ce403110664 -> 
  custom:video-decoder-webm-vp8: 9c59270c3fd7afecdb556c50c9e8de78 -> 
  custom:audio-decoder-ogg-vorbis: bf7c407c2cedff20999df2af8eb42d56 -> 
  custom:audio-encoder-webm-vorbis: bf7c407c2cedff20999df2af8eb42d56 -> 
========================================================================
Received Import Request.
  Time since last request: 93.133259 seconds.
  path: Assets/Prefabs/Ground Prefab 2.prefab
  artifactKey: Guid(159f238bc01014346a8eb558501bd388) Importer(815301076,1909f56bfc062723c751e8b465ee728b)
Start importing Assets/Prefabs/Ground Prefab 2.prefab using Guid(159f238bc01014346a8eb558501bd388) Importer(815301076,1909f56bfc062723c751e8b465ee728b)  -> (artifact id: '2165cbff2714a6a25cd9dd2aa586df43') in 0.073088 seconds 
  Import took 0.078841 seconds .

========================================================================
Received Import Request.
  Time since last request: 19.648722 seconds.
  path: Assets/Prefabs/Ground Prefab 2.prefab
  artifactKey: Guid(159f238bc01014346a8eb558501bd388) Importer(815301076,1909f56bfc062723c751e8b465ee728b)
Start importing Assets/Prefabs/Ground Prefab 2.prefab using Guid(159f238bc01014346a8eb558501bd388) Importer(815301076,1909f56bfc062723c751e8b465ee728b)  -> (artifact id: '4d2437ad830ab42989f5af68bea75b47') in 0.012485 seconds 
  Import took 0.021063 seconds .

========================================================================
Received Import Request.
  Time since last request: 12.302784 seconds.
  path: Assets/Prefabs/Ground Prefab 2.prefab
  artifactKey: Guid(159f238bc01014346a8eb558501bd388) Importer(815301076,1909f56bfc062723c751e8b465ee728b)
Start importing Assets/Prefabs/Ground Prefab 2.prefab using Guid(159f238bc01014346a8eb558501bd388) Importer(815301076,1909f56bfc062723c751e8b465ee728b)  -> (artifact id: 'c8a00f0163dcd0a5b8acae27cfbd5ad1') in 0.010435 seconds 
  Import took 0.013963 seconds .

========================================================================
Received Prepare
Registering precompiled user dll's ...
Registered in 0.002467 seconds.
Begin MonoManager ReloadAssembly
Native extension for WindowsStandalone target not found
Refreshing native plugins compatible for Editor in 0.89 ms, found 3 plugins.
Preloading 0 native plugins for Editor in 0.00 ms.
Mono: successfully reloaded assembly
- Completed reload, in  1.221 seconds
Platform modules already initialized, skipping
Refreshing native plugins compatible for Editor in 0.81 ms, found 3 plugins.
Preloading 0 native plugins for Editor in 0.00 ms.
Unloading 2088 Unused Serialized files (Serialized files now loaded: 0)
System memory in use before: 96.3 MB.
System memory in use after: 96.2 MB.

Unloading 21 unused Assets to reduce memory usage. Loaded Objects now: 2552.
Total: 3.874900 ms (FindLiveObjects: 0.316900 ms CreateObjectMapping: 0.130300 ms MarkObjects: 3.303500 ms  DeleteObjects: 0.122600 ms)

AssetImportParameters requested are different than current active one (requested -> active):
  custom:framework-win-MediaFoundation: 216162199b28c13a410421893ffa2e32 -> 
  custom:video-decoder-ogg-theora: a1e56fd34408186e4bbccfd4996cb3dc -> 
  custom:container-muxer-webm: aa71ff27fc2769a1b78a27578f13a17b -> 
  custom:container-demuxer-webm: 4f35f7cbe854078d1ac9338744f61a02 -> 
  custom:container-demuxer-ogg: 62fdf1f143b41e24485cea50d1cbac27 -> 
  custom:video-encoder-webm-vp8: eb34c28f22e8b96e1ab97ce403110664 -> 
  custom:video-decoder-webm-vp8: 9c59270c3fd7afecdb556c50c9e8de78 -> 
  custom:audio-decoder-ogg-vorbis: bf7c407c2cedff20999df2af8eb42d56 -> 
  custom:audio-encoder-webm-vorbis: bf7c407c2cedff20999df2af8eb42d56 -> 
========================================================================
Received Import Request.
  Time since last request: 22.904095 seconds.
  path: Assets/Prefabs/Ground Prefab 2.prefab
  artifactKey: Guid(159f238bc01014346a8eb558501bd388) Importer(815301076,1909f56bfc062723c751e8b465ee728b)
Start importing Assets/Prefabs/Ground Prefab 2.prefab using Guid(159f238bc01014346a8eb558501bd388) Importer(815301076,1909f56bfc062723c751e8b465ee728b)  -> (artifact id: '5e7d44eb04ead5a94884a39aa6bee3f9') in 0.070233 seconds 
  Import took 0.077508 seconds .

========================================================================
Received Import Request.
  Time since last request: 6.791695 seconds.
  path: Assets/Prefabs/Ground Prefab 2.prefab
  artifactKey: Guid(159f238bc01014346a8eb558501bd388) Importer(815301076,1909f56bfc062723c751e8b465ee728b)
Start importing Assets/Prefabs/Ground Prefab 2.prefab using Guid(159f238bc01014346a8eb558501bd388) Importer(815301076,1909f56bfc062723c751e8b465ee728b)  -> (artifact id: '299daaba948642c2919ae963053cf3be') in 0.009379 seconds 
  Import took 0.014547 seconds .

========================================================================
Received Import Request.
  Time since last request: 3.788048 seconds.
  path: Assets/Prefabs/Ground Prefab 2.prefab
  artifactKey: Guid(159f238bc01014346a8eb558501bd388) Importer(815301076,1909f56bfc062723c751e8b465ee728b)
Start importing Assets/Prefabs/Ground Prefab 2.prefab using Guid(159f238bc01014346a8eb558501bd388) Importer(815301076,1909f56bfc062723c751e8b465ee728b)  -> (artifact id: '25a6ec647129106e8184fb65b2ca3035') in 0.009148 seconds 
  Import took 0.022189 seconds .

========================================================================
Received Import Request.
  Time since last request: 27.225429 seconds.
  path: Assets/Prefabs/Ground Prefab 2.prefab
  artifactKey: Guid(159f238bc01014346a8eb558501bd388) Importer(815301076,1909f56bfc062723c751e8b465ee728b)
Start importing Assets/Prefabs/Ground Prefab 2.prefab using Guid(159f238bc01014346a8eb558501bd388) Importer(815301076,1909f56bfc062723c751e8b465ee728b)  -> (artifact id: 'd23e43eaeba0abaa02637aaabbc6ac0b') in 0.009529 seconds 
  Import took 0.019201 seconds .

========================================================================
Received Import Request.
  Time since last request: 27.383327 seconds.
  path: Assets/Prefabs/Ground Prefab 2.prefab
  artifactKey: Guid(159f238bc01014346a8eb558501bd388) Importer(815301076,1909f56bfc062723c751e8b465ee728b)
Start importing Assets/Prefabs/Ground Prefab 2.prefab using Guid(159f238bc01014346a8eb558501bd388) Importer(815301076,1909f56bfc062723c751e8b465ee728b)  -> (artifact id: 'f60961cce7264789179a8b1f229c25ec') in 0.013655 seconds 
  Import took 0.021907 seconds .

AssetImportWorkerClient::OnTransportError - code=2 error=End of file
